Build started 6/26/2013 10:32:38 AM.
     1>Project "C:\Users\Student\Desktop\Curl\C++\p\p\p.vcxproj" on node 2 (build target(s)).
     1>InitializeBuildStatus:
         Creating "Debug\p.unsuccessfulbuild" because "AlwaysCreate" was specified.
       ClCompile:
         c:\Program Files (x86)\Microsoft Visual Studio 10.0\VC\bin\CL.exe /c /ZI /nologo /W3 /WX- /Od /Oy- /D WIN32 /D _DEBUG /D _CONSOLE /D _UNICODE /D UNICODE /Gm /EHsc /RTC1 /MDd /GS /fp:precise /Zc:wchar_t /Zc:forScope /Fo"Debug\\" /Fd"Debug\vc100.pdb" /Gd /TP /analyze- /errorReport:prompt p.cpp
         p.cpp
     1>c:\users\student\desktop\curl\c++\p\p\p.cpp(10): warning C4717: 'p' : recursive on all control paths, function will cause runtime stack overflow
       ManifestResourceCompile:
         All outputs are up-to-date.
       Link:
         c:\Program Files (x86)\Microsoft Visual Studio 10.0\VC\bin\link.exe /ERRORREPORT:PROMPT /OUT:"C:\Users\Student\Desktop\Curl\C++\p\Debug\p.exe" /INCREMENTAL /NOLOGO kernel32.lib user32.lib gdi32.lib winspool.lib comdlg32.lib advapi32.lib shell32.lib ole32.lib oleaut32.lib uuid.lib odbc32.lib odbccp32.lib /MANIFEST /ManifestFile:"Debug\p.exe.intermediate.manifest" /MANIFESTUAC:"level='asInvoker' uiAccess='false'" /DEBUG /PDB:"C:\Users\Student\Desktop\Curl\C++\p\Debug\p.pdb" /SUBSYSTEM:CONSOLE /TLBID:1 /DYNAMICBASE /NXCOMPAT /IMPLIB:"C:\Users\Student\Desktop\Curl\C++\p\Debug\p.lib" /MACHINE:X86 Debug\p.exe.embed.manifest.res
         Debug\p.obj
       Manifest:
         C:\Program Files (x86)\Microsoft SDKs\Windows\v7.0A\bin\mt.exe /nologo /verbose /out:"Debug\p.exe.embed.manifest" /manifest Debug\p.exe.intermediate.manifest
         All outputs are up-to-date.
       LinkEmbedManifest:
         All outputs are up-to-date.
         p.vcxproj -> C:\Users\Student\Desktop\Curl\C++\p\Debug\p.exe
       FinalizeBuildStatus:
         Deleting file "Debug\p.unsuccessfulbuild".
         Touching "Debug\p.lastbuildstate".
     1>Done Building Project "C:\Users\Student\Desktop\Curl\C++\p\p\p.vcxproj" (build target(s)).

Build succeeded.

Time Elapsed 00:00:00.58
