Build started 7/3/2013 9:53:26 AM.
     1>Project "C:\Users\Student\Desktop\Curl\C++\Dogogachi\Dogogachi\Dogogachi.vcxproj" on node 2 (build target(s)).
     1>InitializeBuildStatus:
         Creating "Debug\Dogogachi.unsuccessfulbuild" because "AlwaysCreate" was specified.
       ClCompile:
         c:\Program Files (x86)\Microsoft Visual Studio 10.0\VC\bin\CL.exe /c /ZI /nologo /W3 /WX- /Od /Oy- /D WIN32 /D _DEBUG /D _CONSOLE /D _UNICODE /D UNICODE /Gm /EHsc /RTC1 /MDd /GS /fp:precise /Zc:wchar_t /Zc:forScope /Fo"Debug\\" /Fd"Debug\vc100.pdb" /Gd /TP /analyze- /errorReport:prompt main.cpp
         main.cpp
       ManifestResourceCompile:
         All outputs are up-to-date.
       Link:
         c:\Program Files (x86)\Microsoft Visual Studio 10.0\VC\bin\link.exe /ERRORREPORT:PROMPT /OUT:"C:\Users\Student\Desktop\Curl\C++\Dogogachi\Debug\Dogogachi.exe" /INCREMENTAL /NOLOGO kernel32.lib user32.lib gdi32.lib winspool.lib comdlg32.lib advapi32.lib shell32.lib ole32.lib oleaut32.lib uuid.lib odbc32.lib odbccp32.lib /MANIFEST /ManifestFile:"Debug\Dogogachi.exe.intermediate.manifest" /MANIFESTUAC:"level='asInvoker' uiAccess='false'" /DEBUG /PDB:"C:\Users\Student\Desktop\Curl\C++\Dogogachi\Debug\Dogogachi.pdb" /SUBSYSTEM:CONSOLE /TLBID:1 /DYNAMICBASE /NXCOMPAT /IMPLIB:"C:\Users\Student\Desktop\Curl\C++\Dogogachi\Debug\Dogogachi.lib" /MACHINE:X86 Debug\Dogogachi.exe.embed.manifest.res
         Debug\main.obj
         LINK : C:\Users\Student\Desktop\Curl\C++\Dogogachi\Debug\Dogogachi.exe not found or not built by the last incremental link; performing full link
       Manifest:
         C:\Program Files (x86)\Microsoft SDKs\Windows\v7.0A\bin\mt.exe /nologo /verbose /out:"Debug\Dogogachi.exe.embed.manifest" /manifest Debug\Dogogachi.exe.intermediate.manifest
         All outputs are up-to-date.
       LinkEmbedManifest:
         All outputs are up-to-date.
         Dogogachi.vcxproj -> C:\Users\Student\Desktop\Curl\C++\Dogogachi\Debug\Dogogachi.exe
       FinalizeBuildStatus:
         Deleting file "Debug\Dogogachi.unsuccessfulbuild".
         Touching "Debug\Dogogachi.lastbuildstate".
     1>Done Building Project "C:\Users\Student\Desktop\Curl\C++\Dogogachi\Dogogachi\Dogogachi.vcxproj" (build target(s)).

Build succeeded.

Time Elapsed 00:00:00.84
