Build started 6/27/2013 3:46:12 PM.
     1>Project "C:\Users\Student\Desktop\Curl\C++\hexcode\hexcode\hexcode.vcxproj" on node 2 (build target(s)).
     1>InitializeBuildStatus:
         Creating "Debug\infinite hexcode.unsuccessfulbuild" because "AlwaysCreate" was specified.
       ClCompile:
         c:\Program Files (x86)\Microsoft Visual Studio 10.0\VC\bin\CL.exe /c /ZI /nologo /W3 /WX- /Od /Oy- /D WIN32 /D _DEBUG /D _CONSOLE /D _UNICODE /D UNICODE /Gm /EHsc /RTC1 /MDd /GS /fp:precise /Zc:wchar_t /Zc:forScope /Fo"Debug\\" /Fd"Debug\vc100.pdb" /Gd /TP /analyze- /errorReport:prompt infinite_hexcode.cpp
         infinite_hexcode.cpp
       ManifestResourceCompile:
         C:\Program Files (x86)\Microsoft SDKs\Windows\v7.0A\bin\rc.exe /nologo /fo"Debug\infinite hexcode.exe.embed.manifest.res" "Debug\infinite hexcode_manifest.rc" 
       Link:
         c:\Program Files (x86)\Microsoft Visual Studio 10.0\VC\bin\link.exe /ERRORREPORT:PROMPT /OUT:"C:\Users\Student\Desktop\Curl\C++\hexcode\Debug\infinite hexcode.exe" /INCREMENTAL /NOLOGO kernel32.lib user32.lib gdi32.lib winspool.lib comdlg32.lib advapi32.lib shell32.lib ole32.lib oleaut32.lib uuid.lib odbc32.lib odbccp32.lib /MANIFEST /ManifestFile:"Debug\infinite hexcode.exe.intermediate.manifest" /MANIFESTUAC:"level='asInvoker' uiAccess='false'" /DEBUG /PDB:"C:\Users\Student\Desktop\Curl\C++\hexcode\Debug\infinite hexcode.pdb" /SUBSYSTEM:CONSOLE /TLBID:1 /DYNAMICBASE /NXCOMPAT /IMPLIB:"C:\Users\Student\Desktop\Curl\C++\hexcode\Debug\infinite hexcode.lib" /MACHINE:X86 "Debug\infinite hexcode.exe.embed.manifest.res"
         Debug\infinite_hexcode.obj
       Manifest:
         C:\Program Files (x86)\Microsoft SDKs\Windows\v7.0A\bin\mt.exe /nologo /verbose /out:"Debug\infinite hexcode.exe.embed.manifest" /manifest "Debug\infinite hexcode.exe.intermediate.manifest"
         C:\Program Files (x86)\Microsoft SDKs\Windows\v7.0A\bin\rc.exe /nologo /fo"Debug\infinite hexcode.exe.embed.manifest.res" "Debug\infinite hexcode_manifest.rc" 
       LinkEmbedManifest:
         c:\Program Files (x86)\Microsoft Visual Studio 10.0\VC\bin\link.exe /ERRORREPORT:PROMPT /OUT:"C:\Users\Student\Desktop\Curl\C++\hexcode\Debug\infinite hexcode.exe" /INCREMENTAL /NOLOGO kernel32.lib user32.lib gdi32.lib winspool.lib comdlg32.lib advapi32.lib shell32.lib ole32.lib oleaut32.lib uuid.lib odbc32.lib odbccp32.lib /MANIFEST /ManifestFile:"Debug\infinite hexcode.exe.intermediate.manifest" /MANIFESTUAC:"level='asInvoker' uiAccess='false'" /DEBUG /PDB:"C:\Users\Student\Desktop\Curl\C++\hexcode\Debug\infinite hexcode.pdb" /SUBSYSTEM:CONSOLE /TLBID:1 /DYNAMICBASE /NXCOMPAT /IMPLIB:"C:\Users\Student\Desktop\Curl\C++\hexcode\Debug\infinite hexcode.lib" /MACHINE:X86 "Debug\infinite hexcode.exe.embed.manifest.res"
         Debug\infinite_hexcode.obj
         hexcode.vcxproj -> C:\Users\Student\Desktop\Curl\C++\hexcode\Debug\infinite hexcode.exe
       FinalizeBuildStatus:
         Deleting file "Debug\infinite hexcode.unsuccessfulbuild".
         Touching "Debug\infinite hexcode.lastbuildstate".
     1>Done Building Project "C:\Users\Student\Desktop\Curl\C++\hexcode\hexcode\hexcode.vcxproj" (build target(s)).

Build succeeded.

Time Elapsed 00:00:00.89
