C:\Users\Student\Desktop\Curl\Final Project\Final Project Dragon\Debug\Final Project Dragon.pdb
C:\Users\Student\Desktop\Curl\Final Project\Final Project Dragon\Final Project Dragon\Debug\cl.command.1.tlog
C:\Users\Student\Desktop\Curl\Final Project\Final Project Dragon\Final Project Dragon\Debug\CL.read.1.tlog
C:\Users\Student\Desktop\Curl\Final Project\Final Project Dragon\Final Project Dragon\Debug\CL.write.1.tlog
C:\USERS\STUDENT\DESKTOP\CURL\FINAL PROJECT\FINAL PROJECT DRAGON\FINAL PROJECT DRAGON\DEBUG\DOG.OBJ
C:\USERS\STUDENT\DESKTOP\CURL\FINAL PROJECT\FINAL PROJECT DRAGON\FINAL PROJECT DRAGON\DEBUG\DRAGON_MAIN.OBJ
C:\Users\Student\Desktop\Curl\Final Project\Final Project Dragon\Final Project Dragon\Debug\Final Project Dragon.exe.embed.manifest
C:\USERS\STUDENT\DESKTOP\CURL\FINAL PROJECT\FINAL PROJECT DRAGON\FINAL PROJECT DRAGON\DEBUG\FINAL PROJECT DRAGON.EXE.EMBED.MANIFEST.RES
C:\Users\Student\Desktop\Curl\Final Project\Final Project Dragon\Final Project Dragon\Debug\Final Project Dragon.exe.intermediate.manifest
C:\Users\Student\Desktop\Curl\Final Project\Final Project Dragon\Final Project Dragon\Debug\Final Project Dragon.write.1.tlog
C:\Users\Student\Desktop\Curl\Final Project\Final Project Dragon\Final Project Dragon\Debug\Final Project Dragon_manifest.rc
C:\Users\Student\Desktop\Curl\Final Project\Final Project Dragon\Final Project Dragon\Debug\link.command.1.tlog
C:\Users\Student\Desktop\Curl\Final Project\Final Project Dragon\Final Project Dragon\Debug\link.read.1.tlog
C:\Users\Student\Desktop\Curl\Final Project\Final Project Dragon\Final Project Dragon\Debug\link.write.1.tlog
C:\Users\Student\Desktop\Curl\Final Project\Final Project Dragon\Final Project Dragon\Debug\link-cvtres.read.1.tlog
C:\Users\Student\Desktop\Curl\Final Project\Final Project Dragon\Final Project Dragon\Debug\link-cvtres.write.1.tlog
C:\Users\Student\Desktop\Curl\Final Project\Final Project Dragon\Final Project Dragon\Debug\rc.command.1.tlog
C:\Users\Student\Desktop\Curl\Final Project\Final Project Dragon\Final Project Dragon\Debug\rc.read.1.tlog
C:\Users\Student\Desktop\Curl\Final Project\Final Project Dragon\Final Project Dragon\Debug\rc.write.1.tlog
C:\Users\Student\Desktop\Curl\Final Project\Final Project Dragon\Final Project Dragon\Debug\vc100.idb
C:\USERS\STUDENT\DESKTOP\CURL\FINAL PROJECT\FINAL PROJECT DRAGON\FINAL PROJECT DRAGON\DEBUG\VC100.PDB
