Build started 6/26/2013 3:06:49 PM.
     1>Project "C:\Users\Student\Desktop\Curl\C++\random numbers\random numbers\random numbers.vcxproj" on node 2 (build target(s)).
     1>InitializeBuildStatus:
         Creating "Debug\random numbers.unsuccessfulbuild" because "AlwaysCreate" was specified.
       ClCompile:
         c:\Program Files (x86)\Microsoft Visual Studio 10.0\VC\bin\CL.exe /c /ZI /nologo /W3 /WX- /Od /Oy- /D WIN32 /D _DEBUG /D _CONSOLE /D _UNICODE /D UNICODE /Gm /EHsc /RTC1 /MDd /GS /fp:precise /Zc:wchar_t /Zc:forScope /Fo"Debug\\" /Fd"Debug\vc100.pdb" /Gd /TP /analyze- /errorReport:prompt "random numbers.cpp"
         random numbers.cpp
     1>c:\users\student\desktop\curl\c++\random numbers\random numbers\random numbers.cpp(9): warning C4244: 'argument' : conversion from 'time_t' to 'unsigned int', possible loss of data
       ManifestResourceCompile:
         All outputs are up-to-date.
       Link:
         c:\Program Files (x86)\Microsoft Visual Studio 10.0\VC\bin\link.exe /ERRORREPORT:PROMPT /OUT:"C:\Users\Student\Desktop\Curl\C++\random numbers\Debug\random numbers.exe" /INCREMENTAL /NOLOGO kernel32.lib user32.lib gdi32.lib winspool.lib comdlg32.lib advapi32.lib shell32.lib ole32.lib oleaut32.lib uuid.lib odbc32.lib odbccp32.lib /MANIFEST /ManifestFile:"Debug\random numbers.exe.intermediate.manifest" /MANIFESTUAC:"level='asInvoker' uiAccess='false'" /DEBUG /PDB:"C:\Users\Student\Desktop\Curl\C++\random numbers\Debug\random numbers.pdb" /SUBSYSTEM:CONSOLE /TLBID:1 /DYNAMICBASE /NXCOMPAT /IMPLIB:"C:\Users\Student\Desktop\Curl\C++\random numbers\Debug\random numbers.lib" /MACHINE:X86 "Debug\random numbers.exe.embed.manifest.res"
         "Debug\random numbers.obj"
       Manifest:
         C:\Program Files (x86)\Microsoft SDKs\Windows\v7.0A\bin\mt.exe /nologo /verbose /out:"Debug\random numbers.exe.embed.manifest" /manifest "Debug\random numbers.exe.intermediate.manifest"
         All outputs are up-to-date.
       LinkEmbedManifest:
         All outputs are up-to-date.
         random numbers.vcxproj -> C:\Users\Student\Desktop\Curl\C++\random numbers\Debug\random numbers.exe
       FinalizeBuildStatus:
         Deleting file "Debug\random numbers.unsuccessfulbuild".
         Touching "Debug\random numbers.lastbuildstate".
     1>Done Building Project "C:\Users\Student\Desktop\Curl\C++\random numbers\random numbers\random numbers.vcxproj" (build target(s)).

Build succeeded.

Time Elapsed 00:00:00.61
