Build started 6/24/2013 3:57:02 PM.
     1>Project "C:\Users\Student\Desktop\Curl\C++\Input\Input\Input.vcxproj" on node 2 (build target(s)).
     1>InitializeBuildStatus:
         Creating "Debug\Input.unsuccessfulbuild" because "AlwaysCreate" was specified.
       ClCompile:
         c:\Program Files (x86)\Microsoft Visual Studio 10.0\VC\bin\CL.exe /c /ZI /nologo /W3 /WX- /Od /Oy- /D WIN32 /D _DEBUG /D _CONSOLE /D _UNICODE /D UNICODE /Gm /EHsc /RTC1 /MDd /GS /fp:precise /Zc:wchar_t /Zc:forScope /Fo"Debug\\" /Fd"Debug\vc100.pdb" /Gd /TP /analyze- /errorReport:prompt input.cpp
         input.cpp
       ManifestResourceCompile:
         All outputs are up-to-date.
       Link:
         c:\Program Files (x86)\Microsoft Visual Studio 10.0\VC\bin\link.exe /ERRORREPORT:PROMPT /OUT:"C:\Users\Student\Desktop\Curl\C++\Input\Debug\Input.exe" /INCREMENTAL /NOLOGO kernel32.lib user32.lib gdi32.lib winspool.lib comdlg32.lib advapi32.lib shell32.lib ole32.lib oleaut32.lib uuid.lib odbc32.lib odbccp32.lib /MANIFEST /ManifestFile:"Debug\Input.exe.intermediate.manifest" /MANIFESTUAC:"level='asInvoker' uiAccess='false'" /DEBUG /PDB:"C:\Users\Student\Desktop\Curl\C++\Input\Debug\Input.pdb" /SUBSYSTEM:CONSOLE /TLBID:1 /DYNAMICBASE /NXCOMPAT /IMPLIB:"C:\Users\Student\Desktop\Curl\C++\Input\Debug\Input.lib" /MACHINE:X86 Debug\Input.exe.embed.manifest.res
         Debug\input.obj
       Manifest:
         C:\Program Files (x86)\Microsoft SDKs\Windows\v7.0A\bin\mt.exe /nologo /verbose /out:"Debug\Input.exe.embed.manifest" /manifest Debug\Input.exe.intermediate.manifest
         All outputs are up-to-date.
       LinkEmbedManifest:
         All outputs are up-to-date.
         Input.vcxproj -> C:\Users\Student\Desktop\Curl\C++\Input\Debug\Input.exe
       FinalizeBuildStatus:
         Deleting file "Debug\Input.unsuccessfulbuild".
         Touching "Debug\Input.lastbuildstate".
     1>Done Building Project "C:\Users\Student\Desktop\Curl\C++\Input\Input\Input.vcxproj" (build target(s)).

Build succeeded.

Time Elapsed 00:00:00.67
