C:\USERS\STUDENT\DESKTOP\CURL\C++\CHARACTER1\CHARACTER1\DEBUG\CHARACTER.OBJ
C:\USERS\STUDENT\DESKTOP\CURL\C++\CHARACTER1\CHARACTER1\DEBUG\CHARACTER1.EXE.EMBED.MANIFEST
C:\USERS\STUDENT\DESKTOP\CURL\C++\CHARACTER1\CHARACTER1\DEBUG\CHARACTER1.EXE.EMBED.MANIFEST.RES
C:\USERS\STUDENT\DESKTOP\CURL\C++\CHARACTER1\CHARACTER1\DEBUG\CHARACTER1.EXE.INTERMEDIATE.MANIFEST
C:\Users\Student\Desktop\Curl\C++\character1\character1\Debug\character1.write.1.tlog
C:\Users\Student\Desktop\Curl\C++\character1\character1\Debug\character1_manifest.rc
C:\Users\Student\Desktop\Curl\C++\character1\character1\Debug\cl.command.1.tlog
C:\Users\Student\Desktop\Curl\C++\character1\character1\Debug\CL.read.1.tlog
C:\Users\Student\Desktop\Curl\C++\character1\character1\Debug\CL.write.1.tlog
C:\Users\Student\Desktop\Curl\C++\character1\character1\Debug\link.4580.read.1.tlog
C:\Users\Student\Desktop\Curl\C++\character1\character1\Debug\link.4580.write.1.tlog
C:\Users\Student\Desktop\Curl\C++\character1\character1\Debug\link.4580-cvtres.read.1.tlog
C:\Users\Student\Desktop\Curl\C++\character1\character1\Debug\link.4580-cvtres.write.1.tlog
C:\Users\Student\Desktop\Curl\C++\character1\character1\Debug\link.5128.read.1.tlog
C:\Users\Student\Desktop\Curl\C++\character1\character1\Debug\link.5128.write.1.tlog
C:\Users\Student\Desktop\Curl\C++\character1\character1\Debug\link.5128-cvtres.read.1.tlog
C:\Users\Student\Desktop\Curl\C++\character1\character1\Debug\link.5128-cvtres.write.1.tlog
C:\Users\Student\Desktop\Curl\C++\character1\character1\Debug\link.command.1.tlog
C:\Users\Student\Desktop\Curl\C++\character1\character1\Debug\link.read.1.tlog
C:\Users\Student\Desktop\Curl\C++\character1\character1\Debug\link.write.1.tlog
C:\Users\Student\Desktop\Curl\C++\character1\character1\Debug\link-cvtres.read.1.tlog
C:\Users\Student\Desktop\Curl\C++\character1\character1\Debug\link-cvtres.write.1.tlog
C:\Users\Student\Desktop\Curl\C++\character1\character1\Debug\mt.command.1.tlog
C:\Users\Student\Desktop\Curl\C++\character1\character1\Debug\mt.read.1.tlog
C:\Users\Student\Desktop\Curl\C++\character1\character1\Debug\mt.write.1.tlog
C:\Users\Student\Desktop\Curl\C++\character1\character1\Debug\rc.command.1.tlog
C:\Users\Student\Desktop\Curl\C++\character1\character1\Debug\rc.read.1.tlog
C:\Users\Student\Desktop\Curl\C++\character1\character1\Debug\rc.write.1.tlog
C:\Users\Student\Desktop\Curl\C++\character1\character1\Debug\vc100.idb
C:\USERS\STUDENT\DESKTOP\CURL\C++\CHARACTER1\CHARACTER1\DEBUG\VC100.PDB
C:\USERS\STUDENT\DESKTOP\CURL\C++\CHARACTER1\DEBUG\CHARACTER1.EXE
C:\USERS\STUDENT\DESKTOP\CURL\C++\CHARACTER1\DEBUG\CHARACTER1.ILK
C:\USERS\STUDENT\DESKTOP\CURL\C++\CHARACTER1\DEBUG\CHARACTER1.PDB
