C:\USERS\STUDENT\DESKTOP\CURL\C++\MEMORY LEAK\DEBUG\MEMORY LEAK.EXE
C:\USERS\STUDENT\DESKTOP\CURL\C++\MEMORY LEAK\DEBUG\MEMORY LEAK.ILK
C:\USERS\STUDENT\DESKTOP\CURL\C++\MEMORY LEAK\DEBUG\MEMORY LEAK.PDB
C:\Users\Student\Desktop\Curl\C++\Memory Leak\Memory Leak\Debug\cl.command.1.tlog
C:\Users\Student\Desktop\Curl\C++\Memory Leak\Memory Leak\Debug\CL.read.1.tlog
C:\Users\Student\Desktop\Curl\C++\Memory Leak\Memory Leak\Debug\CL.write.1.tlog
C:\Users\Student\Desktop\Curl\C++\Memory Leak\Memory Leak\Debug\link.2652.read.1.tlog
C:\Users\Student\Desktop\Curl\C++\Memory Leak\Memory Leak\Debug\link.2652.write.1.tlog
C:\Users\Student\Desktop\Curl\C++\Memory Leak\Memory Leak\Debug\link.2652-cvtres.read.1.tlog
C:\Users\Student\Desktop\Curl\C++\Memory Leak\Memory Leak\Debug\link.2652-cvtres.write.1.tlog
C:\Users\Student\Desktop\Curl\C++\Memory Leak\Memory Leak\Debug\link.command.1.tlog
C:\Users\Student\Desktop\Curl\C++\Memory Leak\Memory Leak\Debug\link.read.1.tlog
C:\Users\Student\Desktop\Curl\C++\Memory Leak\Memory Leak\Debug\link.write.1.tlog
C:\Users\Student\Desktop\Curl\C++\Memory Leak\Memory Leak\Debug\link-cvtres.read.1.tlog
C:\Users\Student\Desktop\Curl\C++\Memory Leak\Memory Leak\Debug\link-cvtres.write.1.tlog
C:\USERS\STUDENT\DESKTOP\CURL\C++\MEMORY LEAK\MEMORY LEAK\DEBUG\MEMORY LEAK.EXE.EMBED.MANIFEST
C:\USERS\STUDENT\DESKTOP\CURL\C++\MEMORY LEAK\MEMORY LEAK\DEBUG\MEMORY LEAK.EXE.EMBED.MANIFEST.RES
C:\USERS\STUDENT\DESKTOP\CURL\C++\MEMORY LEAK\MEMORY LEAK\DEBUG\MEMORY LEAK.EXE.INTERMEDIATE.MANIFEST
C:\USERS\STUDENT\DESKTOP\CURL\C++\MEMORY LEAK\MEMORY LEAK\DEBUG\MEMORY LEAK.OBJ
C:\Users\Student\Desktop\Curl\C++\Memory Leak\Memory Leak\Debug\Memory Leak.write.1.tlog
C:\Users\Student\Desktop\Curl\C++\Memory Leak\Memory Leak\Debug\Memory Leak_manifest.rc
C:\Users\Student\Desktop\Curl\C++\Memory Leak\Memory Leak\Debug\mt.command.1.tlog
C:\Users\Student\Desktop\Curl\C++\Memory Leak\Memory Leak\Debug\mt.read.1.tlog
C:\Users\Student\Desktop\Curl\C++\Memory Leak\Memory Leak\Debug\mt.write.1.tlog
C:\Users\Student\Desktop\Curl\C++\Memory Leak\Memory Leak\Debug\rc.command.1.tlog
C:\Users\Student\Desktop\Curl\C++\Memory Leak\Memory Leak\Debug\rc.read.1.tlog
C:\Users\Student\Desktop\Curl\C++\Memory Leak\Memory Leak\Debug\rc.write.1.tlog
C:\Users\Student\Desktop\Curl\C++\Memory Leak\Memory Leak\Debug\vc100.idb
C:\USERS\STUDENT\DESKTOP\CURL\C++\MEMORY LEAK\MEMORY LEAK\DEBUG\VC100.PDB
