Build started 7/1/2013 5:18:16 PM.
     1>Project "C:\Users\Student\Desktop\Curl\Final Project\Final Project Dragon\Final Project Dragon\Final Project Dragon.vcxproj" on node 2 (build target(s)).
     1>InitializeBuildStatus:
         Creating "Debug\Final Project Dragon.unsuccessfulbuild" because "AlwaysCreate" was specified.
       ClCompile:
         c:\Program Files (x86)\Microsoft Visual Studio 10.0\VC\bin\CL.exe /c /ZI /nologo /W3 /WX- /Od /Oy- /D WIN32 /D _DEBUG /D _CONSOLE /D _UNICODE /D UNICODE /Gm /EHsc /RTC1 /MDd /GS /fp:precise /Zc:wchar_t /Zc:forScope /Fo"Debug\\" /Fd"Debug\vc100.pdb" /Gd /TP /analyze- /errorReport:prompt Dragon_main.cpp
         Dragon_main.cpp
     1>c:\users\student\desktop\curl\final project\final project dragon\final project dragon\dragon_main.cpp(25): warning C4129: 'S' : unrecognized character escape sequence
     1>c:\users\student\desktop\curl\final project\final project dragon\final project dragon\dragon_main.cpp(25): warning C4129: 'D' : unrecognized character escape sequence
     1>c:\users\student\desktop\curl\final project\final project dragon\final project dragon\dragon_main.cpp(25): warning C4129: 'D' : unrecognized character escape sequence
     1>c:\users\student\desktop\curl\final project\final project dragon\final project dragon\dragon_main.cpp(125): warning C4244: 'argument' : conversion from 'double' to 'int', possible loss of data
     1>c:\users\student\desktop\curl\final project\final project dragon\final project dragon\dragon_main.cpp(132): warning C4244: 'argument' : conversion from 'double' to 'int', possible loss of data
     1>c:\users\student\desktop\curl\final project\final project dragon\final project dragon\dragon_main.cpp(139): warning C4244: 'argument' : conversion from 'double' to 'int', possible loss of data
     1>c:\users\student\desktop\curl\final project\final project dragon\final project dragon\dragon_main.cpp(146): warning C4244: 'argument' : conversion from 'double' to 'int', possible loss of data
       ManifestResourceCompile:
         All outputs are up-to-date.
       Link:
         c:\Program Files (x86)\Microsoft Visual Studio 10.0\VC\bin\link.exe /ERRORREPORT:PROMPT /OUT:"C:\Users\Student\Desktop\Curl\Final Project\Final Project Dragon\Debug\Final Project Dragon.exe" /INCREMENTAL /NOLOGO kernel32.lib user32.lib gdi32.lib winspool.lib comdlg32.lib advapi32.lib shell32.lib ole32.lib oleaut32.lib uuid.lib odbc32.lib odbccp32.lib /MANIFEST /ManifestFile:"Debug\Final Project Dragon.exe.intermediate.manifest" /MANIFESTUAC:"level='asInvoker' uiAccess='false'" /DEBUG /PDB:"C:\Users\Student\Desktop\Curl\Final Project\Final Project Dragon\Debug\Final Project Dragon.pdb" /SUBSYSTEM:CONSOLE /TLBID:1 /DYNAMICBASE /NXCOMPAT /IMPLIB:"C:\Users\Student\Desktop\Curl\Final Project\Final Project Dragon\Debug\Final Project Dragon.lib" /MACHINE:X86 "Debug\Final Project Dragon.exe.embed.manifest.res"
         Debug\Dog.obj
         Debug\Dragon_main.obj
       Manifest:
         C:\Program Files (x86)\Microsoft SDKs\Windows\v7.0A\bin\mt.exe /nologo /verbose /out:"Debug\Final Project Dragon.exe.embed.manifest" /manifest "Debug\Final Project Dragon.exe.intermediate.manifest"
         All outputs are up-to-date.
       LinkEmbedManifest:
         All outputs are up-to-date.
         Final Project Dragon.vcxproj -> C:\Users\Student\Desktop\Curl\Final Project\Final Project Dragon\Debug\Final Project Dragon.exe
       FinalizeBuildStatus:
         Deleting file "Debug\Final Project Dragon.unsuccessfulbuild".
         Touching "Debug\Final Project Dragon.lastbuildstate".
     1>Done Building Project "C:\Users\Student\Desktop\Curl\Final Project\Final Project Dragon\Final Project Dragon\Final Project Dragon.vcxproj" (build target(s)).

Build succeeded.

Time Elapsed 00:00:01.07
