Build started 6/27/2013 12:12:19 PM.
     1>Project "C:\Users\Student\Desktop\Curl\Final Project\Final Project Dragon\Final Project Dragon\Final Project Dragon.vcxproj" on node 2 (build target(s)).
     1>PrepareForBuild:
         Creating directory "C:\Users\Student\Desktop\Curl\Final Project\Final Project Dragon\Release\".
       InitializeBuildStatus:
         Creating "Release\Final Project Dragon.unsuccessfulbuild" because "AlwaysCreate" was specified.
       ClCompile:
         c:\Program Files (x86)\Microsoft Visual Studio 10.0\VC\bin\CL.exe /c /Zi /nologo /W3 /WX- /O2 /Oi /Oy- /GL /D WIN32 /D NDEBUG /D _CONSOLE /D _UNICODE /D UNICODE /Gm- /EHsc /MD /GS /Gy /fp:precise /Zc:wchar_t /Zc:forScope /Fo"Release\\" /Fd"Release\vc100.pdb" /Gd /TP /analyze- /errorReport:prompt Dog.cpp Dragon_main.cpp
         Dog.cpp
         Dragon_main.cpp
       Link:
         c:\Program Files (x86)\Microsoft Visual Studio 10.0\VC\bin\link.exe /ERRORREPORT:PROMPT /OUT:"C:\Users\Student\Desktop\Curl\Final Project\Final Project Dragon\Release\Final Project Dragon.exe" /INCREMENTAL:NO /NOLOGO kernel32.lib user32.lib gdi32.lib winspool.lib comdlg32.lib advapi32.lib shell32.lib ole32.lib oleaut32.lib uuid.lib odbc32.lib odbccp32.lib /MANIFEST /ManifestFile:"Release\Final Project Dragon.exe.intermediate.manifest" /MANIFESTUAC:"level='asInvoker' uiAccess='false'" /DEBUG /PDB:"C:\Users\Student\Desktop\Curl\Final Project\Final Project Dragon\Release\Final Project Dragon.pdb" /SUBSYSTEM:CONSOLE /OPT:REF /OPT:ICF /LTCG /TLBID:1 /DYNAMICBASE /NXCOMPAT /IMPLIB:"C:\Users\Student\Desktop\Curl\Final Project\Final Project Dragon\Release\Final Project Dragon.lib" /MACHINE:X86 Release\Dog.obj
         Release\Dragon_main.obj
         Generating code
         Finished generating code
         Final Project Dragon.vcxproj -> C:\Users\Student\Desktop\Curl\Final Project\Final Project Dragon\Release\Final Project Dragon.exe
       Manifest:
         C:\Program Files (x86)\Microsoft SDKs\Windows\v7.0A\bin\mt.exe /nologo /verbose /outputresource:"C:\Users\Student\Desktop\Curl\Final Project\Final Project Dragon\Release\Final Project Dragon.exe;#1" /manifest "Release\Final Project Dragon.exe.intermediate.manifest"
       FinalizeBuildStatus:
         Deleting file "Release\Final Project Dragon.unsuccessfulbuild".
         Touching "Release\Final Project Dragon.lastbuildstate".
     1>Done Building Project "C:\Users\Student\Desktop\Curl\Final Project\Final Project Dragon\Final Project Dragon\Final Project Dragon.vcxproj" (build target(s)).

Build succeeded.

Time Elapsed 00:00:01.45
