Build started 6/25/2013 5:02:43 PM.
     1>Project "C:\Users\Student\Desktop\Curl\C++\challenge 4\challenge 4\challenge 4.vcxproj" on node 2 (build target(s)).
     1>InitializeBuildStatus:
         Creating "Debug\challenge 4.unsuccessfulbuild" because "AlwaysCreate" was specified.
       ClCompile:
         c:\Program Files (x86)\Microsoft Visual Studio 10.0\VC\bin\CL.exe /c /ZI /nologo /W3 /WX- /Od /Oy- /D WIN32 /D _DEBUG /D _CONSOLE /D _UNICODE /D UNICODE /Gm /EHsc /RTC1 /MDd /GS /fp:precise /Zc:wchar_t /Zc:forScope /Fo"Debug\\" /Fd"Debug\vc100.pdb" /Gd /TP /analyze- /errorReport:prompt "challenge 4.cpp"
         challenge 4.cpp
       ManifestResourceCompile:
         All outputs are up-to-date.
       Link:
         c:\Program Files (x86)\Microsoft Visual Studio 10.0\VC\bin\link.exe /ERRORREPORT:PROMPT /OUT:"C:\Users\Student\Desktop\Curl\C++\challenge 4\Debug\challenge 4.exe" /INCREMENTAL /NOLOGO kernel32.lib user32.lib gdi32.lib winspool.lib comdlg32.lib advapi32.lib shell32.lib ole32.lib oleaut32.lib uuid.lib odbc32.lib odbccp32.lib /MANIFEST /ManifestFile:"Debug\challenge 4.exe.intermediate.manifest" /MANIFESTUAC:"level='asInvoker' uiAccess='false'" /DEBUG /PDB:"C:\Users\Student\Desktop\Curl\C++\challenge 4\Debug\challenge 4.pdb" /SUBSYSTEM:CONSOLE /TLBID:1 /DYNAMICBASE /NXCOMPAT /IMPLIB:"C:\Users\Student\Desktop\Curl\C++\challenge 4\Debug\challenge 4.lib" /MACHINE:X86 "Debug\challenge 4.exe.embed.manifest.res"
         "Debug\challenge 4.obj"
       Manifest:
         C:\Program Files (x86)\Microsoft SDKs\Windows\v7.0A\bin\mt.exe /nologo /verbose /out:"Debug\challenge 4.exe.embed.manifest" /manifest "Debug\challenge 4.exe.intermediate.manifest"
         All outputs are up-to-date.
       LinkEmbedManifest:
         All outputs are up-to-date.
         challenge 4.vcxproj -> C:\Users\Student\Desktop\Curl\C++\challenge 4\Debug\challenge 4.exe
       FinalizeBuildStatus:
         Deleting file "Debug\challenge 4.unsuccessfulbuild".
         Touching "Debug\challenge 4.lastbuildstate".
     1>Done Building Project "C:\Users\Student\Desktop\Curl\C++\challenge 4\challenge 4\challenge 4.vcxproj" (build target(s)).

Build succeeded.

Time Elapsed 00:00:00.70
