Build started 6/24/2013 3:48:40 PM.
     1>Project "C:\Users\Student\Desktop\Curl\C++\Challenge\Challenge\Challenge.vcxproj" on node 2 (build target(s)).
     1>InitializeBuildStatus:
         Creating "Debug\Challenge.unsuccessfulbuild" because "AlwaysCreate" was specified.
       ClCompile:
         c:\Program Files (x86)\Microsoft Visual Studio 10.0\VC\bin\CL.exe /c /ZI /nologo /W3 /WX- /Od /Oy- /D WIN32 /D _DEBUG /D _CONSOLE /D _UNICODE /D UNICODE /Gm /EHsc /RTC1 /MDd /GS /fp:precise /Zc:wchar_t /Zc:forScope /Fo"Debug\\" /Fd"Debug\vc100.pdb" /Gd /TP /analyze- /errorReport:prompt challenge.cpp
         challenge.cpp
       ManifestResourceCompile:
         All outputs are up-to-date.
       Link:
         c:\Program Files (x86)\Microsoft Visual Studio 10.0\VC\bin\link.exe /ERRORREPORT:PROMPT /OUT:"C:\Users\Student\Desktop\Curl\C++\Challenge\Debug\Challenge.exe" /INCREMENTAL /NOLOGO kernel32.lib user32.lib gdi32.lib winspool.lib comdlg32.lib advapi32.lib shell32.lib ole32.lib oleaut32.lib uuid.lib odbc32.lib odbccp32.lib /MANIFEST /ManifestFile:"Debug\Challenge.exe.intermediate.manifest" /MANIFESTUAC:"level='asInvoker' uiAccess='false'" /DEBUG /PDB:"C:\Users\Student\Desktop\Curl\C++\Challenge\Debug\Challenge.pdb" /SUBSYSTEM:CONSOLE /TLBID:1 /DYNAMICBASE /NXCOMPAT /IMPLIB:"C:\Users\Student\Desktop\Curl\C++\Challenge\Debug\Challenge.lib" /MACHINE:X86 Debug\Challenge.exe.embed.manifest.res
         Debug\challenge.obj
       Manifest:
         C:\Program Files (x86)\Microsoft SDKs\Windows\v7.0A\bin\mt.exe /nologo /verbose /out:"Debug\Challenge.exe.embed.manifest" /manifest Debug\Challenge.exe.intermediate.manifest
         All outputs are up-to-date.
       LinkEmbedManifest:
         All outputs are up-to-date.
         Challenge.vcxproj -> C:\Users\Student\Desktop\Curl\C++\Challenge\Debug\Challenge.exe
       FinalizeBuildStatus:
         Deleting file "Debug\Challenge.unsuccessfulbuild".
         Touching "Debug\Challenge.lastbuildstate".
     1>Done Building Project "C:\Users\Student\Desktop\Curl\C++\Challenge\Challenge\Challenge.vcxproj" (build target(s)).

Build succeeded.

Time Elapsed 00:00:00.69
