C:\USERS\STUDENT\DESKTOP\CURL\C++\STRUCTURES\DEBUG\STRUCTURES.EXE
C:\USERS\STUDENT\DESKTOP\CURL\C++\STRUCTURES\DEBUG\STRUCTURES.ILK
C:\USERS\STUDENT\DESKTOP\CURL\C++\STRUCTURES\DEBUG\STRUCTURES.PDB
C:\Users\Student\Desktop\Curl\C++\structures\structures\Debug\cl.command.1.tlog
C:\Users\Student\Desktop\Curl\C++\structures\structures\Debug\CL.read.1.tlog
C:\Users\Student\Desktop\Curl\C++\structures\structures\Debug\CL.write.1.tlog
C:\Users\Student\Desktop\Curl\C++\structures\structures\Debug\link.260.read.1.tlog
C:\Users\Student\Desktop\Curl\C++\structures\structures\Debug\link.260.write.1.tlog
C:\Users\Student\Desktop\Curl\C++\structures\structures\Debug\link.260-cvtres.read.1.tlog
C:\Users\Student\Desktop\Curl\C++\structures\structures\Debug\link.260-cvtres.write.1.tlog
C:\Users\Student\Desktop\Curl\C++\structures\structures\Debug\link.5128.read.1.tlog
C:\Users\Student\Desktop\Curl\C++\structures\structures\Debug\link.5128.write.1.tlog
C:\Users\Student\Desktop\Curl\C++\structures\structures\Debug\link.5128-cvtres.read.1.tlog
C:\Users\Student\Desktop\Curl\C++\structures\structures\Debug\link.5128-cvtres.write.1.tlog
C:\Users\Student\Desktop\Curl\C++\structures\structures\Debug\link.command.1.tlog
C:\Users\Student\Desktop\Curl\C++\structures\structures\Debug\link.read.1.tlog
C:\Users\Student\Desktop\Curl\C++\structures\structures\Debug\link.write.1.tlog
C:\Users\Student\Desktop\Curl\C++\structures\structures\Debug\link-cvtres.read.1.tlog
C:\Users\Student\Desktop\Curl\C++\structures\structures\Debug\link-cvtres.write.1.tlog
C:\Users\Student\Desktop\Curl\C++\structures\structures\Debug\mt.command.1.tlog
C:\Users\Student\Desktop\Curl\C++\structures\structures\Debug\mt.read.1.tlog
C:\Users\Student\Desktop\Curl\C++\structures\structures\Debug\mt.write.1.tlog
C:\Users\Student\Desktop\Curl\C++\structures\structures\Debug\rc.command.1.tlog
C:\Users\Student\Desktop\Curl\C++\structures\structures\Debug\rc.read.1.tlog
C:\Users\Student\Desktop\Curl\C++\structures\structures\Debug\rc.write.1.tlog
C:\USERS\STUDENT\DESKTOP\CURL\C++\STRUCTURES\STRUCTURES\DEBUG\STRUCTURES.EXE.EMBED.MANIFEST
C:\USERS\STUDENT\DESKTOP\CURL\C++\STRUCTURES\STRUCTURES\DEBUG\STRUCTURES.EXE.EMBED.MANIFEST.RES
C:\USERS\STUDENT\DESKTOP\CURL\C++\STRUCTURES\STRUCTURES\DEBUG\STRUCTURES.EXE.INTERMEDIATE.MANIFEST
C:\Users\Student\Desktop\Curl\C++\structures\structures\Debug\structures.vcxprojResolveAssemblyReference.cache
C:\Users\Student\Desktop\Curl\C++\structures\structures\Debug\structures.write.1.tlog
C:\Users\Student\Desktop\Curl\C++\structures\structures\Debug\structures_manifest.rc
C:\Users\Student\Desktop\Curl\C++\structures\structures\Debug\vc100.idb
C:\USERS\STUDENT\DESKTOP\CURL\C++\STRUCTURES\STRUCTURES\DEBUG\VC100.PDB
