Build started 6/26/2013 2:13:13 PM.
     1>Project "C:\Users\Student\Desktop\Curl\C++\structures\structures\structures.vcxproj" on node 2 (build target(s)).
     1>InitializeBuildStatus:
         Touching "Debug\structures.unsuccessfulbuild".
       ClCompile:
         c:\Program Files (x86)\Microsoft Visual Studio 10.0\VC\bin\CL.exe /c /ZI /nologo /W3 /WX- /Od /Oy- /D WIN32 /D _DEBUG /D _CONSOLE /D _UNICODE /D UNICODE /Gm /EHsc /RTC1 /MDd /GS /fp:precise /Zc:wchar_t /Zc:forScope /Fo"Debug\\" /Fd"Debug\vc100.pdb" /Gd /TP /analyze- /errorReport:prompt structures.cpp
         structures.cpp
     1>c:\users\student\desktop\curl\c++\structures\structures\structures.cpp(10): warning C4101: 'h' : unreferenced local variable
     1>c:\users\student\desktop\curl\c++\structures\structures\structures.cpp(9): warning C4101: 'i' : unreferenced local variable
       ManifestResourceCompile:
         C:\Program Files (x86)\Microsoft SDKs\Windows\v7.0A\bin\rc.exe /nologo /fo"Debug\structures.exe.embed.manifest.res" Debug\structures_manifest.rc 
       Link:
         c:\Program Files (x86)\Microsoft Visual Studio 10.0\VC\bin\link.exe /ERRORREPORT:PROMPT /OUT:"C:\Users\Student\Desktop\Curl\C++\structures\Debug\structures.exe" /INCREMENTAL /NOLOGO kernel32.lib user32.lib gdi32.lib winspool.lib comdlg32.lib advapi32.lib shell32.lib ole32.lib oleaut32.lib uuid.lib odbc32.lib odbccp32.lib /MANIFEST /ManifestFile:"Debug\structures.exe.intermediate.manifest" /MANIFESTUAC:"level='asInvoker' uiAccess='false'" /DEBUG /PDB:"C:\Users\Student\Desktop\Curl\C++\structures\Debug\structures.pdb" /SUBSYSTEM:CONSOLE /TLBID:1 /DYNAMICBASE /NXCOMPAT /IMPLIB:"C:\Users\Student\Desktop\Curl\C++\structures\Debug\structures.lib" /MACHINE:X86 Debug\structures.exe.embed.manifest.res
         Debug\structures.obj
       Manifest:
         C:\Program Files (x86)\Microsoft SDKs\Windows\v7.0A\bin\mt.exe /nologo /verbose /out:"Debug\structures.exe.embed.manifest" /manifest Debug\structures.exe.intermediate.manifest
         C:\Program Files (x86)\Microsoft SDKs\Windows\v7.0A\bin\rc.exe /nologo /fo"Debug\structures.exe.embed.manifest.res" Debug\structures_manifest.rc 
       LinkEmbedManifest:
         c:\Program Files (x86)\Microsoft Visual Studio 10.0\VC\bin\link.exe /ERRORREPORT:PROMPT /OUT:"C:\Users\Student\Desktop\Curl\C++\structures\Debug\structures.exe" /INCREMENTAL /NOLOGO kernel32.lib user32.lib gdi32.lib winspool.lib comdlg32.lib advapi32.lib shell32.lib ole32.lib oleaut32.lib uuid.lib odbc32.lib odbccp32.lib /MANIFEST /ManifestFile:"Debug\structures.exe.intermediate.manifest" /MANIFESTUAC:"level='asInvoker' uiAccess='false'" /DEBUG /PDB:"C:\Users\Student\Desktop\Curl\C++\structures\Debug\structures.pdb" /SUBSYSTEM:CONSOLE /TLBID:1 /DYNAMICBASE /NXCOMPAT /IMPLIB:"C:\Users\Student\Desktop\Curl\C++\structures\Debug\structures.lib" /MACHINE:X86 Debug\structures.exe.embed.manifest.res
         Debug\structures.obj
         structures.vcxproj -> C:\Users\Student\Desktop\Curl\C++\structures\Debug\structures.exe
       FinalizeBuildStatus:
         Deleting file "Debug\structures.unsuccessfulbuild".
         Touching "Debug\structures.lastbuildstate".
     1>Done Building Project "C:\Users\Student\Desktop\Curl\C++\structures\structures\structures.vcxproj" (build target(s)).

Build succeeded.

Time Elapsed 00:00:00.91
