Build started 6/25/2013 10:04:38 AM.
     1>Project "C:\Users\Student\Desktop\Curl\C++\loops 5\loops 5\loops 5.vcxproj" on node 2 (build target(s)).
     1>PrepareForBuild:
         Creating directory "C:\Users\Student\Desktop\Curl\C++\loops 5\Debug\".
       InitializeBuildStatus:
         Creating "Debug\loops 5.unsuccessfulbuild" because "AlwaysCreate" was specified.
       ClCompile:
         c:\Program Files (x86)\Microsoft Visual Studio 10.0\VC\bin\CL.exe /c /ZI /nologo /W3 /WX- /Od /Oy- /D WIN32 /D _DEBUG /D _CONSOLE /D _UNICODE /D UNICODE /Gm /EHsc /RTC1 /MDd /GS /fp:precise /Zc:wchar_t /Zc:forScope /Fo"Debug\\" /Fd"Debug\vc100.pdb" /Gd /TP /analyze- /errorReport:prompt "loops 5.cpp"
         loops 5.cpp
       ManifestResourceCompile:
         C:\Program Files (x86)\Microsoft SDKs\Windows\v7.0A\bin\rc.exe /nologo /fo"Debug\loops 5.exe.embed.manifest.res" "Debug\loops 5_manifest.rc" 
       Link:
         c:\Program Files (x86)\Microsoft Visual Studio 10.0\VC\bin\link.exe /ERRORREPORT:PROMPT /OUT:"C:\Users\Student\Desktop\Curl\C++\loops 5\Debug\loops 5.exe" /INCREMENTAL /NOLOGO kernel32.lib user32.lib gdi32.lib winspool.lib comdlg32.lib advapi32.lib shell32.lib ole32.lib oleaut32.lib uuid.lib odbc32.lib odbccp32.lib /MANIFEST /ManifestFile:"Debug\loops 5.exe.intermediate.manifest" /MANIFESTUAC:"level='asInvoker' uiAccess='false'" /DEBUG /PDB:"C:\Users\Student\Desktop\Curl\C++\loops 5\Debug\loops 5.pdb" /SUBSYSTEM:CONSOLE /TLBID:1 /DYNAMICBASE /NXCOMPAT /IMPLIB:"C:\Users\Student\Desktop\Curl\C++\loops 5\Debug\loops 5.lib" /MACHINE:X86 "Debug\loops 5.exe.embed.manifest.res"
         "Debug\loops 5.obj"
       Manifest:
         C:\Program Files (x86)\Microsoft SDKs\Windows\v7.0A\bin\mt.exe /nologo /verbose /out:"Debug\loops 5.exe.embed.manifest" /manifest "Debug\loops 5.exe.intermediate.manifest"
         C:\Program Files (x86)\Microsoft SDKs\Windows\v7.0A\bin\rc.exe /nologo /fo"Debug\loops 5.exe.embed.manifest.res" "Debug\loops 5_manifest.rc" 
       LinkEmbedManifest:
         c:\Program Files (x86)\Microsoft Visual Studio 10.0\VC\bin\link.exe /ERRORREPORT:PROMPT /OUT:"C:\Users\Student\Desktop\Curl\C++\loops 5\Debug\loops 5.exe" /INCREMENTAL /NOLOGO kernel32.lib user32.lib gdi32.lib winspool.lib comdlg32.lib advapi32.lib shell32.lib ole32.lib oleaut32.lib uuid.lib odbc32.lib odbccp32.lib /MANIFEST /ManifestFile:"Debug\loops 5.exe.intermediate.manifest" /MANIFESTUAC:"level='asInvoker' uiAccess='false'" /DEBUG /PDB:"C:\Users\Student\Desktop\Curl\C++\loops 5\Debug\loops 5.pdb" /SUBSYSTEM:CONSOLE /TLBID:1 /DYNAMICBASE /NXCOMPAT /IMPLIB:"C:\Users\Student\Desktop\Curl\C++\loops 5\Debug\loops 5.lib" /MACHINE:X86 "Debug\loops 5.exe.embed.manifest.res"
         "Debug\loops 5.obj"
         loops 5.vcxproj -> C:\Users\Student\Desktop\Curl\C++\loops 5\Debug\loops 5.exe
       FinalizeBuildStatus:
         Deleting file "Debug\loops 5.unsuccessfulbuild".
         Touching "Debug\loops 5.lastbuildstate".
     1>Done Building Project "C:\Users\Student\Desktop\Curl\C++\loops 5\loops 5\loops 5.vcxproj" (build target(s)).

Build succeeded.

Time Elapsed 00:00:01.20
