C:\USERS\STUDENT\DESKTOP\CURL\C++\CHALLENGE 6\CHALLENGE 6\DEBUG\CHALLENGE 6.EXE.EMBED.MANIFEST
C:\USERS\STUDENT\DESKTOP\CURL\C++\CHALLENGE 6\CHALLENGE 6\DEBUG\CHALLENGE 6.EXE.EMBED.MANIFEST.RES
C:\USERS\STUDENT\DESKTOP\CURL\C++\CHALLENGE 6\CHALLENGE 6\DEBUG\CHALLENGE 6.EXE.INTERMEDIATE.MANIFEST
C:\USERS\STUDENT\DESKTOP\CURL\C++\CHALLENGE 6\CHALLENGE 6\DEBUG\CHALLENGE 6.OBJ
C:\Users\Student\Desktop\Curl\C++\Challenge 6\Challenge 6\Debug\Challenge 6.vcxprojResolveAssemblyReference.cache
C:\Users\Student\Desktop\Curl\C++\Challenge 6\Challenge 6\Debug\Challenge 6.write.1.tlog
C:\Users\Student\Desktop\Curl\C++\Challenge 6\Challenge 6\Debug\Challenge 6_manifest.rc
C:\Users\Student\Desktop\Curl\C++\Challenge 6\Challenge 6\Debug\cl.command.1.tlog
C:\Users\Student\Desktop\Curl\C++\Challenge 6\Challenge 6\Debug\CL.read.1.tlog
C:\Users\Student\Desktop\Curl\C++\Challenge 6\Challenge 6\Debug\CL.write.1.tlog
C:\Users\Student\Desktop\Curl\C++\Challenge 6\Challenge 6\Debug\link.4544.read.1.tlog
C:\Users\Student\Desktop\Curl\C++\Challenge 6\Challenge 6\Debug\link.4544.write.1.tlog
C:\Users\Student\Desktop\Curl\C++\Challenge 6\Challenge 6\Debug\link.4544-cvtres.read.1.tlog
C:\Users\Student\Desktop\Curl\C++\Challenge 6\Challenge 6\Debug\link.4544-cvtres.write.1.tlog
C:\Users\Student\Desktop\Curl\C++\Challenge 6\Challenge 6\Debug\link.command.1.tlog
C:\Users\Student\Desktop\Curl\C++\Challenge 6\Challenge 6\Debug\link.read.1.tlog
C:\Users\Student\Desktop\Curl\C++\Challenge 6\Challenge 6\Debug\link.write.1.tlog
C:\Users\Student\Desktop\Curl\C++\Challenge 6\Challenge 6\Debug\link-cvtres.read.1.tlog
C:\Users\Student\Desktop\Curl\C++\Challenge 6\Challenge 6\Debug\link-cvtres.write.1.tlog
C:\Users\Student\Desktop\Curl\C++\Challenge 6\Challenge 6\Debug\mt.command.1.tlog
C:\Users\Student\Desktop\Curl\C++\Challenge 6\Challenge 6\Debug\mt.read.1.tlog
C:\Users\Student\Desktop\Curl\C++\Challenge 6\Challenge 6\Debug\mt.write.1.tlog
C:\Users\Student\Desktop\Curl\C++\Challenge 6\Challenge 6\Debug\rc.command.1.tlog
C:\Users\Student\Desktop\Curl\C++\Challenge 6\Challenge 6\Debug\rc.read.1.tlog
C:\Users\Student\Desktop\Curl\C++\Challenge 6\Challenge 6\Debug\rc.write.1.tlog
C:\Users\Student\Desktop\Curl\C++\Challenge 6\Challenge 6\Debug\vc100.idb
C:\USERS\STUDENT\DESKTOP\CURL\C++\CHALLENGE 6\CHALLENGE 6\DEBUG\VC100.PDB
C:\USERS\STUDENT\DESKTOP\CURL\C++\CHALLENGE 6\DEBUG\CHALLENGE 6.EXE
C:\USERS\STUDENT\DESKTOP\CURL\C++\CHALLENGE 6\DEBUG\CHALLENGE 6.ILK
C:\USERS\STUDENT\DESKTOP\CURL\C++\CHALLENGE 6\DEBUG\CHALLENGE 6.PDB
