Build started 6/24/2013 4:38:57 PM.
     1>Project "C:\Users\Student\Desktop\Curl\C++\Switch\Switch\Switch.vcxproj" on node 2 (build target(s)).
     1>InitializeBuildStatus:
         Creating "Debug\Switch.unsuccessfulbuild" because "AlwaysCreate" was specified.
       ClCompile:
         c:\Program Files (x86)\Microsoft Visual Studio 10.0\VC\bin\CL.exe /c /ZI /nologo /W3 /WX- /Od /Oy- /D WIN32 /D _DEBUG /D _CONSOLE /D _UNICODE /D UNICODE /Gm /EHsc /RTC1 /MDd /GS /fp:precise /Zc:wchar_t /Zc:forScope /Fo"Debug\\" /Fd"Debug\vc100.pdb" /Gd /TP /analyze- /errorReport:prompt Switch.cpp
         Switch.cpp
       ManifestResourceCompile:
         All outputs are up-to-date.
       Link:
         c:\Program Files (x86)\Microsoft Visual Studio 10.0\VC\bin\link.exe /ERRORREPORT:PROMPT /OUT:"C:\Users\Student\Desktop\Curl\C++\Switch\Debug\Switch.exe" /INCREMENTAL /NOLOGO kernel32.lib user32.lib gdi32.lib winspool.lib comdlg32.lib advapi32.lib shell32.lib ole32.lib oleaut32.lib uuid.lib odbc32.lib odbccp32.lib /MANIFEST /ManifestFile:"Debug\Switch.exe.intermediate.manifest" /MANIFESTUAC:"level='asInvoker' uiAccess='false'" /DEBUG /PDB:"C:\Users\Student\Desktop\Curl\C++\Switch\Debug\Switch.pdb" /SUBSYSTEM:CONSOLE /TLBID:1 /DYNAMICBASE /NXCOMPAT /IMPLIB:"C:\Users\Student\Desktop\Curl\C++\Switch\Debug\Switch.lib" /MACHINE:X86 Debug\Switch.exe.embed.manifest.res
         Debug\Switch.obj
       Manifest:
         C:\Program Files (x86)\Microsoft SDKs\Windows\v7.0A\bin\mt.exe /nologo /verbose /out:"Debug\Switch.exe.embed.manifest" /manifest Debug\Switch.exe.intermediate.manifest
         All outputs are up-to-date.
       LinkEmbedManifest:
         All outputs are up-to-date.
         Switch.vcxproj -> C:\Users\Student\Desktop\Curl\C++\Switch\Debug\Switch.exe
       FinalizeBuildStatus:
         Deleting file "Debug\Switch.unsuccessfulbuild".
         Touching "Debug\Switch.lastbuildstate".
     1>Done Building Project "C:\Users\Student\Desktop\Curl\C++\Switch\Switch\Switch.vcxproj" (build target(s)).

Build succeeded.

Time Elapsed 00:00:00.59
