C:\USERS\STUDENT\DESKTOP\CURL\C++\LOOP 7\DEBUG\LOOP 7.EXE
C:\USERS\STUDENT\DESKTOP\CURL\C++\LOOP 7\DEBUG\LOOP 7.ILK
C:\USERS\STUDENT\DESKTOP\CURL\C++\LOOP 7\DEBUG\LOOP 7.PDB
C:\Users\Student\Desktop\Curl\C++\loop 7\loop 7\Debug\cl.command.1.tlog
C:\Users\Student\Desktop\Curl\C++\loop 7\loop 7\Debug\CL.read.1.tlog
C:\Users\Student\Desktop\Curl\C++\loop 7\loop 7\Debug\CL.write.1.tlog
C:\Users\Student\Desktop\Curl\C++\loop 7\loop 7\Debug\link.4100.read.1.tlog
C:\Users\Student\Desktop\Curl\C++\loop 7\loop 7\Debug\link.4100.write.1.tlog
C:\Users\Student\Desktop\Curl\C++\loop 7\loop 7\Debug\link.4100-cvtres.read.1.tlog
C:\Users\Student\Desktop\Curl\C++\loop 7\loop 7\Debug\link.4100-cvtres.write.1.tlog
C:\Users\Student\Desktop\Curl\C++\loop 7\loop 7\Debug\link.command.1.tlog
C:\Users\Student\Desktop\Curl\C++\loop 7\loop 7\Debug\link.read.1.tlog
C:\Users\Student\Desktop\Curl\C++\loop 7\loop 7\Debug\link.write.1.tlog
C:\Users\Student\Desktop\Curl\C++\loop 7\loop 7\Debug\link-cvtres.read.1.tlog
C:\Users\Student\Desktop\Curl\C++\loop 7\loop 7\Debug\link-cvtres.write.1.tlog
C:\USERS\STUDENT\DESKTOP\CURL\C++\LOOP 7\LOOP 7\DEBUG\LOOP 7.EXE.EMBED.MANIFEST
C:\USERS\STUDENT\DESKTOP\CURL\C++\LOOP 7\LOOP 7\DEBUG\LOOP 7.EXE.EMBED.MANIFEST.RES
C:\USERS\STUDENT\DESKTOP\CURL\C++\LOOP 7\LOOP 7\DEBUG\LOOP 7.EXE.INTERMEDIATE.MANIFEST
C:\USERS\STUDENT\DESKTOP\CURL\C++\LOOP 7\LOOP 7\DEBUG\LOOP 7.OBJ
C:\Users\Student\Desktop\Curl\C++\loop 7\loop 7\Debug\loop 7.write.1.tlog
C:\Users\Student\Desktop\Curl\C++\loop 7\loop 7\Debug\loop 7_manifest.rc
C:\Users\Student\Desktop\Curl\C++\loop 7\loop 7\Debug\mt.command.1.tlog
C:\Users\Student\Desktop\Curl\C++\loop 7\loop 7\Debug\mt.read.1.tlog
C:\Users\Student\Desktop\Curl\C++\loop 7\loop 7\Debug\mt.write.1.tlog
C:\Users\Student\Desktop\Curl\C++\loop 7\loop 7\Debug\rc.command.1.tlog
C:\Users\Student\Desktop\Curl\C++\loop 7\loop 7\Debug\rc.read.1.tlog
C:\Users\Student\Desktop\Curl\C++\loop 7\loop 7\Debug\rc.write.1.tlog
C:\Users\Student\Desktop\Curl\C++\loop 7\loop 7\Debug\vc100.idb
C:\USERS\STUDENT\DESKTOP\CURL\C++\LOOP 7\LOOP 7\DEBUG\VC100.PDB
