Build started 7/1/2013 3:39:15 PM.
     1>Project "C:\Users\Student\Desktop\Curl\C++\errors\errors\errors.vcxproj" on node 2 (build target(s)).
     1>InitializeBuildStatus:
         Touching "Debug\errors.unsuccessfulbuild".
       ClCompile:
         c:\Program Files (x86)\Microsoft Visual Studio 10.0\VC\bin\CL.exe /c /ZI /nologo /W3 /WX- /Od /Oy- /D WIN32 /D _DEBUG /D _CONSOLE /D _UNICODE /D UNICODE /Gm /EHsc /RTC1 /MDd /GS /fp:precise /Zc:wchar_t /Zc:forScope /Fo"Debug\\" /Fd"Debug\vc100.pdb" /Gd /TP /analyze- /errorReport:prompt "debugging 102.cpp"
         debugging 102.cpp
     1>c:\users\student\desktop\curl\c++\errors\errors\debugging 102.cpp(9): warning C4101: 'i' : unreferenced local variable
     1>c:\users\student\desktop\curl\c++\errors\errors\debugging 102.cpp(11): warning C4101: 'j' : unreferenced local variable
     1>c:\users\student\desktop\curl\c++\errors\errors\debugging 102.cpp(12): warning C4700: uninitialized local variable 'helloArray' used
       ManifestResourceCompile:
         C:\Program Files (x86)\Microsoft SDKs\Windows\v7.0A\bin\rc.exe /nologo /fo"Debug\errors.exe.embed.manifest.res" Debug\errors_manifest.rc 
       Link:
         c:\Program Files (x86)\Microsoft Visual Studio 10.0\VC\bin\link.exe /ERRORREPORT:PROMPT /OUT:"C:\Users\Student\Desktop\Curl\C++\errors\Debug\errors.exe" /INCREMENTAL /NOLOGO kernel32.lib user32.lib gdi32.lib winspool.lib comdlg32.lib advapi32.lib shell32.lib ole32.lib oleaut32.lib uuid.lib odbc32.lib odbccp32.lib /MANIFEST /ManifestFile:"Debug\errors.exe.intermediate.manifest" /MANIFESTUAC:"level='asInvoker' uiAccess='false'" /DEBUG /PDB:"C:\Users\Student\Desktop\Curl\C++\errors\Debug\errors.pdb" /SUBSYSTEM:CONSOLE /TLBID:1 /DYNAMICBASE /NXCOMPAT /IMPLIB:"C:\Users\Student\Desktop\Curl\C++\errors\Debug\errors.lib" /MACHINE:X86 Debug\errors.exe.embed.manifest.res
         "Debug\debugging 102.obj"
       Manifest:
         C:\Program Files (x86)\Microsoft SDKs\Windows\v7.0A\bin\mt.exe /nologo /verbose /out:"Debug\errors.exe.embed.manifest" /manifest Debug\errors.exe.intermediate.manifest
         C:\Program Files (x86)\Microsoft SDKs\Windows\v7.0A\bin\rc.exe /nologo /fo"Debug\errors.exe.embed.manifest.res" Debug\errors_manifest.rc 
       LinkEmbedManifest:
         c:\Program Files (x86)\Microsoft Visual Studio 10.0\VC\bin\link.exe /ERRORREPORT:PROMPT /OUT:"C:\Users\Student\Desktop\Curl\C++\errors\Debug\errors.exe" /INCREMENTAL /NOLOGO kernel32.lib user32.lib gdi32.lib winspool.lib comdlg32.lib advapi32.lib shell32.lib ole32.lib oleaut32.lib uuid.lib odbc32.lib odbccp32.lib /MANIFEST /ManifestFile:"Debug\errors.exe.intermediate.manifest" /MANIFESTUAC:"level='asInvoker' uiAccess='false'" /DEBUG /PDB:"C:\Users\Student\Desktop\Curl\C++\errors\Debug\errors.pdb" /SUBSYSTEM:CONSOLE /TLBID:1 /DYNAMICBASE /NXCOMPAT /IMPLIB:"C:\Users\Student\Desktop\Curl\C++\errors\Debug\errors.lib" /MACHINE:X86 Debug\errors.exe.embed.manifest.res
         "Debug\debugging 102.obj"
         errors.vcxproj -> C:\Users\Student\Desktop\Curl\C++\errors\Debug\errors.exe
       FinalizeBuildStatus:
         Deleting file "Debug\errors.unsuccessfulbuild".
         Touching "Debug\errors.lastbuildstate".
     1>Done Building Project "C:\Users\Student\Desktop\Curl\C++\errors\errors\errors.vcxproj" (build target(s)).

Build succeeded.

Time Elapsed 00:00:01.21
